********************************************************************************
DUPLICATOR-LITE PACKAGE-LOG: April 5, 2023 4:56 pm
NOTICE: Do NOT post to public sites or forums 
********************************************************************************
VERSION:	1.5.3.1
WORDPRESS:	6.1.1
PHP INFO:	7.4.27 | SAPI: apache2handler
SERVER:		Apache/2.4.52 (Win64) OpenSSL/1.1.1m PHP/7.4.27 
PHP TIME LIMIT: (0) no time limit imposed 
PHP MAX MEMORY: 4294967296 (512M default) 
MEMORY STACK: 4MB

********************************************************************************
DATABASE:
********************************************************************************
BUILD MODE:   MYSQLDUMP
MYSQLTIMEOUT: 5000
MYSQLDUMP:    Is Supported
SQL CREATED: 20230405_icmbd_d65792fca8895f5f4260_20230405165623_database.sql
SQL FILE SIZE: 1.24MB (1295838)
SQL FILE TIME: 2023-04-05 16:56:40
SQL RUNTIME: 1.72 sec.

********************************************************************************
ARCHIVE (ZIP):
********************************************************************************
ARCHIVE DIR:  C:/xampp7.4/htdocs/icmbd
ARCHIVE FILE: 20230405_icmbd_d65792fca8895f5f4260_20230405165623_archive.zip
FILTERS: *OFF*
DIRS:
	not set
FILES:
	not set
EXTS:  not set
----------------------------------------
COMPRESSING
SIZE:	118.63MB
STATS:	Dirs 796 | Files 7,042
SQL ADDED: 20230405_icmbd_d65792fca8895f5f4260_20230405165623_database.sql
ZipArchive Object
(
    [status] => 0
    [statusSys] => 0
    [numFiles] => 7838
    [filename] => C:\xampp7.4\htdocs\icmbd\wp-content\backups-dup-lite\tmp\20230405_icmbd_d65792fca8895f5f4260_20230405165623_archive.zip
    [comment] => 
)

FILE ADDED TO ZIP: 7837
COMPRESSION RESULT: '1'
COMPRESSED SIZE: 74.07MB
ARCHIVE RUNTIME: 86.29 sec.
MEMORY STACK: 6MB
building installer
ARCHIVE CONSISTENCY TEST: PASS

********************************************************************************
INTEGRITY CHECKS:
********************************************************************************
SQL FILE: 1.24MB
INSTALLER FILE: 73.35KB
ARCHIVE FILE: 76.06MB 
EXPECTED FILE/DIRECTORY COUNT: 7,838
ACTUAL FILE/DIRECTORY COUNT: 7,837
ARCHIVE CONSISTENCY TEST: Pass

********************************************************************************
RECORD ID:[1]
TOTAL PROCESS RUNTIME: 89.46 sec.
PEAK PHP MEMORY USED: 10MB
DONE PROCESSING => 20230405_icmbd April 5, 2023 4:58 pm

